


          SolidWorks Corporation - STEP Processor Error Log
          ______________________________________________________

                       STEP Post Processor
                       ___________________


STEP File Name: C:\Users\Administrator\Desktop\清华\清华-总装.STEP


Tolerant model: end of curve off by 0.00025
Tolerant model: end of curve off by 0.000660019
Tolerant model: start of curve off by 0.000660019
Tolerant model: end of curve off by 0.000660019
Tolerant model: start of curve off by 0.00025
Tolerant model: end of curve off by 0.00025
Tolerant model: start of curve off by 0.000939415
Tolerant model: end of curve off by 0.000752861
Tolerant model: start of curve off by 0.0013
Tolerant model: end of curve off by 0.000752861
Tolerant model: start of curve off by 0.00022
Tolerant model: start of curve off by 0.000565723
Tolerant model: start of curve off by 0.000100126
Tolerant model: end of curve off by 0.000196238
Tolerant model: start of curve off by 0.00125
Tolerant model: start of curve off by 0.0005
Tolerant model: end of curve off by 0.000323133
Tolerant model: start of curve off by 0.000247625
Tolerant model: start of curve off by 0.000296124
Tolerant model: end of curve off by 0.0141404
Tolerant model: end of curve off by 0.000323133
Tolerant model: start of curve off by 0.000811572
Tolerant model: end of curve off by 0.000891539
Tolerant model: start of curve off by 0.00563848
Tolerant model: start of curve off by 0.0144748
Tolerant model: start of curve off by 0.00025
Tolerant model: end of curve off by 0.0004
Tolerant model: start of curve off by 0.00493783
Tolerant model: end of curve off by 0.0055
Tolerant model: start of curve off by 0.00025
Tolerant model: end of curve off by 0.00025
Tolerant model: start of curve off by 0.00025
Tolerant model: end of curve off by 0.00025
Tolerant model: start of curve off by 0.000353553
Tolerant model: end of curve off by 0.000779496
Tolerant model: start of curve off by 0.000153875
Tolerant model: start of curve off by 0.0001
Tolerant model: start of curve off by 0.000939415
Tolerant model: end of curve off by 0.000353553
Tolerant model: start of curve off by 0.00015
Tolerant model: end of curve off by 0.00015
Tolerant model: start of curve off by 0.000303105
Tolerant model: end of curve off by 0.000303105
Tolerant model: start of curve off by 0.00419251
Tolerant model: start of curve off by 0.015736
Tolerant model: start of curve off by 0.00025
Tolerant model: end of curve off by 0.00680392
Tolerant model: end of curve off by 0.00029
Tolerant model: start of curve off by 0.00320067
Tolerant model: start of curve off by 0.00025
Tolerant model: start of curve off by 0.000565723
Tolerant model: start of curve off by 0.000353553
Tolerant model: end of curve off by 0.000353553
Tolerant model: end of curve off by 0.000720104
Tolerant model: start of curve off by 0.000403977
Tolerant model: end of curve off by 0.000794032
Tolerant model: end of curve off by 0.000395092
Tolerant model: start of curve off by 0.000586511
Tolerant model: end of curve off by 0.000608249
Tolerant model: start of curve off by 0.0001
Tolerant model: start of curve off by 0.00432274
Tolerant model: start of curve off by 0.00025
Tolerant model: end of curve off by 0.00025
Tolerant model: start of curve off by 0.000255493
Tolerant model: start of curve off by 0.0005
Tolerant model: end of curve off by 0.000353553
Tolerant model: start of curve off by 0.00025
Tolerant model: start of curve off by 0.000994825
Tolerant model: start of curve off by 0.00135
Tolerant model: end of curve off by 0.000565723
Tolerant model: start of curve off by 0.000353553
Tolerant model: end of curve off by 0.000436209
Tolerant model: end of curve off by 0.00110692
Tolerant model: start of curve off by 0.0160004
Tolerant model: end of curve off by 0.00101
Tolerant model: start of curve off by 0.00450435
Tolerant model: end of curve off by 0.0013
Tolerant model: start of curve off by 0.000208998
Tolerant model: start of curve off by 0.000565723
Tolerant model: start of curve off by 0.000189374
Tolerant model: end of curve off by 0.000179278
Tolerant model: start of curve off by 0.00025
Tolerant model: end of curve off by 0.00025
Tolerant model: end of curve off by 0.00608364
Tolerant model: end of curve off by 0.00025
Tolerant model: end of curve off by 0.00025
Tolerant model: start of curve off by 0.0283902
Tolerant model: end of curve off by 0.0160004
Tolerant model: start of curve off by 0.000565723
Tolerant model: start of curve off by 0.000249501
Tolerant model: start of curve off by 0.00025
Tolerant model: start of curve off by 0.00580859
Tolerant model: end of curve off by 0.00364824
Tolerant model: start of curve off by 0.00290645
Tolerant model: end of curve off by 0.00119892
Tolerant model: start of curve off by 0.000353553
Tolerant model: end of curve off by 0.00022
Tolerant model: start of curve off by 0.00025
Tolerant model: end of curve off by 0.00175052
Tolerant model: start of curve off by 0.0002375
Tolerant model: start of curve off by 0.00025
Tolerant model: end of curve off by 0.00025
Tolerant model: start of curve off by 0.00081
Tolerant model: end of curve off by 0.00081
Tolerant model: start of curve off by 0.000716079
Tolerant model: end of curve off by 0.000716079
Tolerant model: start of curve off by 0.000922397
Tolerant model: end of curve off by 0.00243306
Tolerant model: start of curve off by 0.00139585
Tolerant model: end of curve off by 0.00218925
Tolerant model: start of curve off by 0.00397737
Tolerant model: end of curve off by 0.0041256
Tolerant model: start of curve off by 0.00025
Tolerant model: end of curve off by 0.00025
Tolerant model: end of curve off by 0.0005
Tolerant model: start of curve off by 0.000353553
Tolerant model: end of curve off by 0.00962931
Tolerant model: start of curve off by 0.0142567
Tolerant model: start of curve off by 0.00110692
Tolerant model: end of curve off by 0.00878453
Tolerant model: end of curve off by 0.000403977
Tolerant model: start of curve off by 0.00025
Tolerant model: end of curve off by 0.00025
Tolerant model: start of curve off by 0.0101641
Tolerant model: end of curve off by 0.00682166
Tolerant model: end of curve off by 0.000353553
Tolerant model: end of curve off by 0.00081
Tolerant model: start of curve off by 0.000353553
Tolerant model: end of curve off by 0.000565723
Tolerant model: start of curve off by 0.000991595
Tolerant model: end of curve off by 0.000991595
Tolerant model: start of curve off by 0.000125
Tolerant model: start of curve off by 0.000353553
Tolerant model: start of curve off by 0.000161349
Tolerant model: start of curve off by 0.0066738
Tolerant model: end of curve off by 0.0309747
Tolerant model: start of curve off by 0.00958099
Tolerant model: start of curve off by 0.000353553
Tolerant model: end of curve off by 0.00304082
Tolerant model: start of curve off by 0.00110692
Tolerant model: start of curve off by 0.00055
Tolerant model: start of curve off by 0.00025
Tolerant model: end of curve off by 0.0005
Tolerant model: end of curve off by 0.00055
Tolerant model: start of curve off by 0.00125
Tolerant model: start of curve off by 0.00025
Tolerant model: end of curve off by 0.00025
Tolerant model: end of curve off by 0.000353553
Tolerant model: start of curve off by 0.00117134
Tolerant model: end of curve off by 0.00117134
Tolerant model: start of curve off by 0.000596689
Tolerant model: end of curve off by 0.00880986
Tolerant model: start of curve off by 0.00501634
Tolerant model: end of curve off by 0.000353553
Tolerant model: end of curve off by 0.00365607
Tolerant model: end of curve off by 0.000247625
Tolerant model: start of curve off by 0.000692774
Tolerant model: start of curve off by 0.000247625
Tolerant model: start of curve off by 0.00504177
Tolerant model: start of curve off by 0.0142567
Tolerant model: end of curve off by 0.0149255
Tolerant model: start of curve off by 0.000353553
Tolerant model: end of curve off by 0.000353553
Tolerant model: end of curve off by 0.00467543
Tolerant model: end of curve off by 0.0034912
Tolerant model: start of curve off by 0.00025
Tolerant model: end of curve off by 0.00025
Tolerant model: end of curve off by 0.000153875
Tolerant model: end of curve off by 0.00383173
Tolerant model: start of curve off by 0.0004
Tolerant model: end of curve off by 0.000939415
Tolerant model: end of curve off by 0.00160078
Tolerant model: end of curve off by 0.000353553
Tolerant model: start of curve off by 0.00534
Tolerant model: start of curve off by 0.000125
Tolerant model: start of curve off by 0.0141404
Tolerant model: end of curve off by 0.00195346
Tolerant model: end of curve off by 0.00930115
Tolerant model: end of curve off by 0.0005
Tolerant model: start of curve off by 0.00025
Tolerant model: end of curve off by 0.00025
Tolerant model: start of curve off by 0.00315393
Tolerant model: end of curve off by 0.000737602
Tolerant model: end of curve off by 0.00141458
Tolerant model: start of curve off by 0.00022652
Tolerant model: end of curve off by 0.000468645
Tolerant model: end of curve off by 0.00075
Tolerant model: end of curve off by 0.000353553
Tolerant model: start of curve off by 0.000222989
Tolerant model: end of curve off by 0.000223249
Tolerant model: end of curve off by 0.000353553
Tolerant model: start of curve off by 0.00025
Tolerant model: end of curve off by 0.00015
Tolerant model: start of curve off by 0.00157763
Tolerant model: start of curve off by 0.000255493
Tolerant model: start of curve off by 0.00022
Tolerant model: end of curve off by 0.000752861
Tolerant model: start of curve off by 0.00083613
Tolerant model: end of curve off by 0.0005
Tolerant model: start of curve off by 0.00025
Tolerant model: end of curve off by 0.00025
Tolerant model: start of curve off by 0.00141458
Tolerant model: start of curve off by 0.00347752
Tolerant model: end of curve off by 0.00479131
Tolerant model: start of curve off by 0.00747574
Tolerant model: start of curve off by 0.000353553
Tolerant model: end of curve off by 0.000779496
Tolerant model: start of curve off by 0.000388929
Tolerant model: start of curve off by 0.00446405
Tolerant model: start of curve off by 0.00760472
Tolerant model: start of curve off by 0.000964613
Tolerant model: end of curve off by 0.00194393
Tolerant model: start of curve off by 0.000749253
Tolerant model: end of curve off by 0.000749253
Tolerant model: end of curve off by 0.00130472
Tolerant model: end of curve off by 0.00025
Tolerant model: start of curve off by 0.000720104
Tolerant model: end of curve off by 0.000388929
Tolerant model: start of curve off by 0.00025
Tolerant model: end of curve off by 0.00025
Tolerant model: end of curve off by 0.000204679
Tolerant model: end of curve off by 0.0013
Tolerant model: end of curve off by 0.000638214
Tolerant model: start of curve off by 0.000224569
Tolerant model: end of curve off by 0.00015
Tolerant model: start of curve off by 0.00075
Tolerant model: start of curve off by 0.000208998
Tolerant model: end of curve off by 0.000388929
Tolerant model: end of curve off by 0.00752357
Tolerant model: start of curve off by 0.000586511
Tolerant model: end of curve off by 0.000212132
Tolerant model: start of curve off by 0.000296124
Tolerant model: end of curve off by 0.00395727
Tolerant model: start of curve off by 0.000403977
Tolerant model: start of curve off by 0.000559017
Tolerant model: end of curve off by 0.000367637
Tolerant model: start of curve off by 0.00025
Tolerant model: end of curve off by 0.00025
Tolerant model: start of curve off by 0.00015
Tolerant model: end of curve off by 0.00015
Tolerant model: start of curve off by 0.0005
Tolerant model: start of curve off by 0.00055748
Tolerant model: end of curve off by 0.00877295
Tolerant model: end of curve off by 0.00165827
Tolerant model: start of curve off by 0.000434797
Tolerant model: end of curve off by 0.00025
Tolerant model: end of curve off by 0.00154695
Tolerant model: start of curve off by 0.00025
Tolerant model: end of curve off by 0.00025
Tolerant model: end of curve off by 0.0167075
Tolerant model: start of curve off by 0.00113709
Tolerant model: start of curve off by 0.000217443
Tolerant model: start of curve off by 0.000565723
Tolerant model: start of curve off by 0.000156884
Tolerant model: end of curve off by 0.000204679
Tolerant model: start of curve off by 0.0004
Tolerant model: end of curve off by 0.00081
Tolerant model: start of curve off by 0.000204679
Tolerant model: start of curve off by 0.0018028
Tolerant model: start of curve off by 0.0129856
Tolerant model: end of curve off by 0.002165
Tolerant model: end of curve off by 0.00148514
Tolerant model: start of curve off by 0.0013
Tolerant model: end of curve off by 0.000210652
Tolerant model: start of curve off by 0.0004
Tolerant model: start of curve off by 0.0005
Tolerant model: end of curve off by 0.00025
Tolerant model: start of curve off by 0.00151023
Tolerant model: end of curve off by 0.00025
Tolerant model: start of curve off by 0.000202584
Tolerant model: end of curve off by 0.00140524
Tolerant model: start of curve off by 0.000462645
Tolerant model: end of curve off by 0.000462646
Tolerant model: start of curve off by 0.0005
Tolerant model: end of curve off by 0.000814361
Tolerant model: start of curve off by 0.0013
Tolerant model: start of curve off by 0.00025
Tolerant model: end of curve off by 0.00025
Tolerant model: start of curve off by 0.00025
Tolerant model: end of curve off by 0.00025
Tolerant model: end of curve off by 0.00075
Tolerant model: start of curve off by 0.000353553
Tolerant model: end of curve off by 0.000692774
Tolerant model: start of curve off by 0.00025
Tolerant model: end of curve off by 0.00025
Tolerant model: start of curve off by 0.00025
Tolerant model: end of curve off by 0.00025
Tolerant model: start of curve off by 0.00025
Tolerant model: end of curve off by 0.00025
Tolerant model: start of curve off by 0.00025
Tolerant model: end of curve off by 0.000692774
Tolerant model: end of curve off by 0.000353553
Tolerant model: start of curve off by 0.00025
Tolerant model: start of curve off by 0.00025
Tolerant model: start of curve off by 0.00266764
Tolerant model: end of curve off by 0.00110623
Tolerant model: start of curve off by 0.00022
Tolerant model: end of curve off by 0.000323133
Tolerant model: start of curve off by 0.000422156

Error: 不相容样条曲线。
STEP-out 无法成功完成
